<?xml version="1.0" encoding="UTF-8"?>
<!-- Generated by org.testng.reporters.JUnitXMLReporter -->
<testsuite hostname="Admin-PC" name="Default test" tests="16" failures="0" timestamp="29 Apr 2022 13:13:30 GMT" time="29.431" errors="0">
  <testcase name="runScenario" time="0.271" classname="Runner.testRunner"/>
  <testcase name="runScenario" time="3.851" classname="Runner.testRunner"/>
  <testcase name="runScenario" time="4.626" classname="Runner.testRunner"/>
  <testcase name="runScenario" time="1.484" classname="Runner.testRunner"/>
  <testcase name="runScenario" time="1.457" classname="Runner.testRunner"/>
  <testcase name="runScenario" time="1.473" classname="Runner.testRunner"/>
  <testcase name="runScenario" time="1.506" classname="Runner.testRunner"/>
  <testcase name="runScenario" time="1.507" classname="Runner.testRunner"/>
  <testcase name="runScenario" time="1.641" classname="Runner.testRunner"/>
  <testcase name="runScenario" time="1.563" classname="Runner.testRunner"/>
  <testcase name="runScenario" time="1.469" classname="Runner.testRunner"/>
  <testcase name="runScenario" time="1.41" classname="Runner.testRunner"/>
  <testcase name="runScenario" time="1.948" classname="Runner.testRunner"/>
  <testcase name="runScenario" time="1.419" classname="Runner.testRunner"/>
  <testcase name="runScenario" time="1.486" classname="Runner.testRunner"/>
  <testcase name="runScenario" time="1.499" classname="Runner.testRunner"/>
</testsuite> <!-- Default test -->
