<?xml version="1.0" encoding="UTF-8"?>
<testng-results skipped="0" failed="0" total="16" passed="16">
  <reporter-output>
  </reporter-output>
  <suite name="Default suite" duration-ms="29431" started-at="2022-04-29T13:13:01Z" finished-at="2022-04-29T13:13:30Z">
    <groups>
      <group name="cucumber">
        <method signature="AbstractTestNGCucumberTests.runScenario(io.cucumber.testng.PickleWrapper, io.cucumber.testng.FeatureWrapper)[pri:0, instance:Runner.testRunner@18e2e41]" name="runScenario" class="io.cucumber.testng.AbstractTestNGCucumberTests"/>
      </group> <!-- cucumber -->
    </groups>
    <test name="Default test" duration-ms="29431" started-at="2022-04-29T13:13:01Z" finished-at="2022-04-29T13:13:30Z">
      <class name="Runner.testRunner">
        <test-method status="PASS" signature="setUpClass()[pri:0, instance:Runner.testRunner@18e2e41]" name="setUpClass" is-config="true" duration-ms="318" started-at="2022-04-29T18:43:01Z" finished-at="2022-04-29T18:43:01Z">
          <reporter-output>
          </reporter-output>
        </test-method> <!-- setUpClass -->
        <test-method status="PASS" signature="runScenario(io.cucumber.testng.PickleWrapper, io.cucumber.testng.FeatureWrapper)[pri:0, instance:Runner.testRunner@18e2e41]" name="runScenario" duration-ms="271" started-at="2022-04-29T18:43:02Z" description="Runs Cucumber Scenarios" data-provider="scenarios" finished-at="2022-04-29T18:43:02Z">
          <params>
            <param index="0">
              <value>
                <![CDATA["To test following methods"]]>
              </value>
            </param>
            <param index="1">
              <value>
                <![CDATA["To test services in https://bitly.com"]]>
              </value>
            </param>
          </params>
          <reporter-output>
          </reporter-output>
        </test-method> <!-- runScenario -->
        <test-method status="PASS" signature="runScenario(io.cucumber.testng.PickleWrapper, io.cucumber.testng.FeatureWrapper)[pri:0, instance:Runner.testRunner@18e2e41]" name="runScenario" duration-ms="3851" started-at="2022-04-29T18:43:02Z" description="Runs Cucumber Scenarios" data-provider="scenarios" finished-at="2022-04-29T18:43:06Z">
          <params>
            <param index="0">
              <value>
                <![CDATA["To validate status code of  GET/groups/{group_guid}"]]>
              </value>
            </param>
            <param index="1">
              <value>
                <![CDATA["To test services in https://bitly.com"]]>
              </value>
            </param>
          </params>
          <reporter-output>
          </reporter-output>
        </test-method> <!-- runScenario -->
        <test-method status="PASS" signature="runScenario(io.cucumber.testng.PickleWrapper, io.cucumber.testng.FeatureWrapper)[pri:0, instance:Runner.testRunner@18e2e41]" name="runScenario" duration-ms="4626" started-at="2022-04-29T18:43:06Z" description="Runs Cucumber Scenarios" data-provider="scenarios" finished-at="2022-04-29T18:43:10Z">
          <params>
            <param index="0">
              <value>
                <![CDATA["To validate status code of  GET/groups/{group_guid}"]]>
              </value>
            </param>
            <param index="1">
              <value>
                <![CDATA["To test services in https://bitly.com"]]>
              </value>
            </param>
          </params>
          <reporter-output>
          </reporter-output>
        </test-method> <!-- runScenario -->
        <test-method status="PASS" signature="runScenario(io.cucumber.testng.PickleWrapper, io.cucumber.testng.FeatureWrapper)[pri:0, instance:Runner.testRunner@18e2e41]" name="runScenario" duration-ms="1484" started-at="2022-04-29T18:43:10Z" description="Runs Cucumber Scenarios" data-provider="scenarios" finished-at="2022-04-29T18:43:12Z">
          <params>
            <param index="0">
              <value>
                <![CDATA["To validate response body of  GET/groups/{group_guid}"]]>
              </value>
            </param>
            <param index="1">
              <value>
                <![CDATA["To test services in https://bitly.com"]]>
              </value>
            </param>
          </params>
          <reporter-output>
          </reporter-output>
        </test-method> <!-- runScenario -->
        <test-method status="PASS" signature="runScenario(io.cucumber.testng.PickleWrapper, io.cucumber.testng.FeatureWrapper)[pri:0, instance:Runner.testRunner@18e2e41]" name="runScenario" duration-ms="1457" started-at="2022-04-29T18:43:12Z" description="Runs Cucumber Scenarios" data-provider="scenarios" finished-at="2022-04-29T18:43:13Z">
          <params>
            <param index="0">
              <value>
                <![CDATA["To validate response body of  GET/groups/{group_guid}"]]>
              </value>
            </param>
            <param index="1">
              <value>
                <![CDATA["To test services in https://bitly.com"]]>
              </value>
            </param>
          </params>
          <reporter-output>
          </reporter-output>
        </test-method> <!-- runScenario -->
        <test-method status="PASS" signature="runScenario(io.cucumber.testng.PickleWrapper, io.cucumber.testng.FeatureWrapper)[pri:0, instance:Runner.testRunner@18e2e41]" name="runScenario" duration-ms="1473" started-at="2022-04-29T18:43:13Z" description="Runs Cucumber Scenarios" data-provider="scenarios" finished-at="2022-04-29T18:43:15Z">
          <params>
            <param index="0">
              <value>
                <![CDATA["To validate response body of  GET/groups/{group_guid}"]]>
              </value>
            </param>
            <param index="1">
              <value>
                <![CDATA["To test services in https://bitly.com"]]>
              </value>
            </param>
          </params>
          <reporter-output>
          </reporter-output>
        </test-method> <!-- runScenario -->
        <test-method status="PASS" signature="runScenario(io.cucumber.testng.PickleWrapper, io.cucumber.testng.FeatureWrapper)[pri:0, instance:Runner.testRunner@18e2e41]" name="runScenario" duration-ms="1506" started-at="2022-04-29T18:43:15Z" description="Runs Cucumber Scenarios" data-provider="scenarios" finished-at="2022-04-29T18:43:16Z">
          <params>
            <param index="0">
              <value>
                <![CDATA["To validate status code of  GET/groups/{group_guid}/bitlinks/{sort}"]]>
              </value>
            </param>
            <param index="1">
              <value>
                <![CDATA["To test services in https://bitly.com"]]>
              </value>
            </param>
          </params>
          <reporter-output>
          </reporter-output>
        </test-method> <!-- runScenario -->
        <test-method status="PASS" signature="runScenario(io.cucumber.testng.PickleWrapper, io.cucumber.testng.FeatureWrapper)[pri:0, instance:Runner.testRunner@18e2e41]" name="runScenario" duration-ms="1507" started-at="2022-04-29T18:43:16Z" description="Runs Cucumber Scenarios" data-provider="scenarios" finished-at="2022-04-29T18:43:18Z">
          <params>
            <param index="0">
              <value>
                <![CDATA["To validate status code of  GET/groups/{group_guid}/bitlinks/{sort}"]]>
              </value>
            </param>
            <param index="1">
              <value>
                <![CDATA["To test services in https://bitly.com"]]>
              </value>
            </param>
          </params>
          <reporter-output>
          </reporter-output>
        </test-method> <!-- runScenario -->
        <test-method status="PASS" signature="runScenario(io.cucumber.testng.PickleWrapper, io.cucumber.testng.FeatureWrapper)[pri:0, instance:Runner.testRunner@18e2e41]" name="runScenario" duration-ms="1641" started-at="2022-04-29T18:43:18Z" description="Runs Cucumber Scenarios" data-provider="scenarios" finished-at="2022-04-29T18:43:19Z">
          <params>
            <param index="0">
              <value>
                <![CDATA["To validates response body of GET/groups/{group_guid}/bitlinks/{sort}"]]>
              </value>
            </param>
            <param index="1">
              <value>
                <![CDATA["To test services in https://bitly.com"]]>
              </value>
            </param>
          </params>
          <reporter-output>
          </reporter-output>
        </test-method> <!-- runScenario -->
        <test-method status="PASS" signature="runScenario(io.cucumber.testng.PickleWrapper, io.cucumber.testng.FeatureWrapper)[pri:0, instance:Runner.testRunner@18e2e41]" name="runScenario" duration-ms="1563" started-at="2022-04-29T18:43:19Z" description="Runs Cucumber Scenarios" data-provider="scenarios" finished-at="2022-04-29T18:43:21Z">
          <params>
            <param index="0">
              <value>
                <![CDATA["To validates response body of GET/groups/{group_guid}/bitlinks/{sort}"]]>
              </value>
            </param>
            <param index="1">
              <value>
                <![CDATA["To test services in https://bitly.com"]]>
              </value>
            </param>
          </params>
          <reporter-output>
          </reporter-output>
        </test-method> <!-- runScenario -->
        <test-method status="PASS" signature="runScenario(io.cucumber.testng.PickleWrapper, io.cucumber.testng.FeatureWrapper)[pri:0, instance:Runner.testRunner@18e2e41]" name="runScenario" duration-ms="1469" started-at="2022-04-29T18:43:21Z" description="Runs Cucumber Scenarios" data-provider="scenarios" finished-at="2022-04-29T18:43:22Z">
          <params>
            <param index="0">
              <value>
                <![CDATA["To validate status code of  POST/bitlinks when body is not entered"]]>
              </value>
            </param>
            <param index="1">
              <value>
                <![CDATA["To test services in https://bitly.com"]]>
              </value>
            </param>
          </params>
          <reporter-output>
          </reporter-output>
        </test-method> <!-- runScenario -->
        <test-method status="PASS" signature="runScenario(io.cucumber.testng.PickleWrapper, io.cucumber.testng.FeatureWrapper)[pri:0, instance:Runner.testRunner@18e2e41]" name="runScenario" duration-ms="1410" started-at="2022-04-29T18:43:22Z" description="Runs Cucumber Scenarios" data-provider="scenarios" finished-at="2022-04-29T18:43:24Z">
          <params>
            <param index="0">
              <value>
                <![CDATA["To validate status code of  POST/bitlinks when body is not entered"]]>
              </value>
            </param>
            <param index="1">
              <value>
                <![CDATA["To test services in https://bitly.com"]]>
              </value>
            </param>
          </params>
          <reporter-output>
          </reporter-output>
        </test-method> <!-- runScenario -->
        <test-method status="PASS" signature="runScenario(io.cucumber.testng.PickleWrapper, io.cucumber.testng.FeatureWrapper)[pri:0, instance:Runner.testRunner@18e2e41]" name="runScenario" duration-ms="1948" started-at="2022-04-29T18:43:24Z" description="Runs Cucumber Scenarios" data-provider="scenarios" finished-at="2022-04-29T18:43:26Z">
          <params>
            <param index="0">
              <value>
                <![CDATA["To validate status code of  POST/bitlinks when body is entered"]]>
              </value>
            </param>
            <param index="1">
              <value>
                <![CDATA["To test services in https://bitly.com"]]>
              </value>
            </param>
          </params>
          <reporter-output>
          </reporter-output>
        </test-method> <!-- runScenario -->
        <test-method status="PASS" signature="runScenario(io.cucumber.testng.PickleWrapper, io.cucumber.testng.FeatureWrapper)[pri:0, instance:Runner.testRunner@18e2e41]" name="runScenario" duration-ms="1419" started-at="2022-04-29T18:43:26Z" description="Runs Cucumber Scenarios" data-provider="scenarios" finished-at="2022-04-29T18:43:27Z">
          <params>
            <param index="0">
              <value>
                <![CDATA["To validate status code of  POST/bitlinks when body is entered"]]>
              </value>
            </param>
            <param index="1">
              <value>
                <![CDATA["To test services in https://bitly.com"]]>
              </value>
            </param>
          </params>
          <reporter-output>
          </reporter-output>
        </test-method> <!-- runScenario -->
        <test-method status="PASS" signature="runScenario(io.cucumber.testng.PickleWrapper, io.cucumber.testng.FeatureWrapper)[pri:0, instance:Runner.testRunner@18e2e41]" name="runScenario" duration-ms="1486" started-at="2022-04-29T18:43:27Z" description="Runs Cucumber Scenarios" data-provider="scenarios" finished-at="2022-04-29T18:43:29Z">
          <params>
            <param index="0">
              <value>
                <![CDATA["To validate response body of  POST/bitlinks"]]>
              </value>
            </param>
            <param index="1">
              <value>
                <![CDATA["To test services in https://bitly.com"]]>
              </value>
            </param>
          </params>
          <reporter-output>
          </reporter-output>
        </test-method> <!-- runScenario -->
        <test-method status="PASS" signature="runScenario(io.cucumber.testng.PickleWrapper, io.cucumber.testng.FeatureWrapper)[pri:0, instance:Runner.testRunner@18e2e41]" name="runScenario" duration-ms="1499" started-at="2022-04-29T18:43:29Z" description="Runs Cucumber Scenarios" data-provider="scenarios" finished-at="2022-04-29T18:43:30Z">
          <params>
            <param index="0">
              <value>
                <![CDATA["To validate response body of  POST/bitlinks"]]>
              </value>
            </param>
            <param index="1">
              <value>
                <![CDATA["To test services in https://bitly.com"]]>
              </value>
            </param>
          </params>
          <reporter-output>
          </reporter-output>
        </test-method> <!-- runScenario -->
        <test-method status="PASS" signature="tearDownClass()[pri:0, instance:Runner.testRunner@18e2e41]" name="tearDownClass" is-config="true" duration-ms="134" started-at="2022-04-29T18:43:30Z" finished-at="2022-04-29T18:43:30Z">
          <reporter-output>
          </reporter-output>
        </test-method> <!-- tearDownClass -->
      </class> <!-- Runner.testRunner -->
    </test> <!-- Default test -->
  </suite> <!-- Default suite -->
</testng-results>
